# JRE version: Java(TM) SE Runtime Environment (8.0_201-b09) (build 1.8.0_201-b09)
# Java VM: Java HotSpot(TM) 64-Bit Server VM (25.201-b09 mixed mode linux-amd64 compressed oops)
Heap:
 PSYoungGen      total 498176K, used 422841K [0x00000000d7100000, 0x00000000fd880000, 0x0000000100000000)
  eden space 492032K, 84% used [0x00000000d7100000,0x00000000f08625e0,0x00000000f5180000)
  from space 6144K, 92% used [0x00000000fc100000,0x00000000fc68c130,0x00000000fc700000)
  to   space 13824K, 0% used [0x00000000fcb00000,0x00000000fcb00000,0x00000000fd880000)
 ParOldGen       total 102400K, used 22286K [0x0000000085200000, 0x000000008b600000, 0x00000000d7100000)
  object space 102400K, 21% used [0x0000000085200000,0x00000000867c3a90,0x000000008b600000)
 Metaspace       used 60923K, capacity 63860K, committed 64000K, reserved 1103872K
  class space    used 8027K, capacity 8583K, committed 8704K, reserved 1048576K
GC Heap History (10 events):
Event: 199,994 GC heap before
{Heap before GC invocations=20 (full 4):
 PSYoungGen      total 476160K, used 230150K [0x00000000d7100000, 0x00000000f9e80000, 0x0000000100000000)
  eden space 458752K, 48% used [0x00000000d7100000,0x00000000e4aa9f18,0x00000000f3100000)
  from space 17408K, 41% used [0x00000000f3100000,0x00000000f3817b40,0x00000000f4200000)
  to   space 16384K, 0% used [0x00000000f8e80000,0x00000000f8e80000,0x00000000f9e80000)
 ParOldGen       total 102400K, used 20234K [0x0000000085200000, 0x000000008b600000, 0x00000000d7100000)
  object space 102400K, 19% used [0x0000000085200000,0x00000000865c2958,0x000000008b600000)
 Metaspace       used 60207K, capacity 63016K, committed 63104K, reserved 1103872K
  class space    used 7991K, capacity 8493K, committed 8576K, reserved 1048576K
Event: 199,998 GC heap after
Heap after GC invocations=20 (full 4):
 PSYoungGen      total 554496K, used 3024K [0x00000000d7100000, 0x00000000f9e80000, 0x0000000100000000)
  eden space 538112K, 0% used [0x00000000d7100000,0x00000000d7100000,0x00000000f7e80000)
  from space 16384K, 18% used [0x00000000f8e80000,0x00000000f91740a0,0x00000000f9e80000)
  to   space 16384K, 0% used [0x00000000f7e80000,0x00000000f7e80000,0x00000000f8e80000)
 ParOldGen       total 102400K, used 20234K [0x0000000085200000, 0x000000008b600000, 0x00000000d7100000)
  object space 102400K, 19% used [0x0000000085200000,0x00000000865c2958,0x000000008b600000)
 Metaspace       used 60207K, capacity 63016K, committed 63104K, reserved 1103872K
  class space    used 7991K, capacity 8493K, committed 8576K, reserved 1048576K
}
Event: 199,998 GC heap before
{Heap before GC invocations=21 (full 5):
 PSYoungGen      total 554496K, used 3024K [0x00000000d7100000, 0x00000000f9e80000, 0x0000000100000000)
  eden space 538112K, 0% used [0x00000000d7100000,0x00000000d7100000,0x00000000f7e80000)
  from space 16384K, 18% used [0x00000000f8e80000,0x00000000f91740a0,0x00000000f9e80000)
  to   space 16384K, 0% used [0x00000000f7e80000,0x00000000f7e80000,0x00000000f8e80000)
 ParOldGen       total 102400K, used 20234K [0x0000000085200000, 0x000000008b600000, 0x00000000d7100000)
  object space 102400K, 19% used [0x0000000085200000,0x00000000865c2958,0x000000008b600000)
 Metaspace       used 60207K, capacity 63016K, committed 63104K, reserved 1103872K
  class space    used 7991K, capacity 8493K, committed 8576K, reserved 1048576K
Event: 200,128 GC heap after
Heap after GC invocations=21 (full 5):
 PSYoungGen      total 554496K, used 0K [0x00000000d7100000, 0x00000000f9e80000, 0x0000000100000000)
  eden space 538112K, 0% used [0x00000000d7100000,0x00000000d7100000,0x00000000f7e80000)
  from space 16384K, 0% used [0x00000000f8e80000,0x00000000f8e80000,0x00000000f9e80000)
  to   space 16384K, 0% used [0x00000000f7e80000,0x00000000f7e80000,0x00000000f8e80000)
 ParOldGen       total 102400K, used 22262K [0x0000000085200000, 0x000000008b600000, 0x00000000d7100000)
  object space 102400K, 21% used [0x0000000085200000,0x00000000867bda90,0x000000008b600000)
 Metaspace       used 60207K, capacity 63016K, committed 63104K, reserved 1103872K
  class space    used 7991K, capacity 8493K, committed 8576K, reserved 1048576K
}
Event: 265,509 GC heap before
{Heap before GC invocations=22 (full 5):
 PSYoungGen      total 554496K, used 538112K [0x00000000d7100000, 0x00000000f9e80000, 0x0000000100000000)
  eden space 538112K, 100% used [0x00000000d7100000,0x00000000f7e80000,0x00000000f7e80000)
  from space 16384K, 0% used [0x00000000f8e80000,0x00000000f8e80000,0x00000000f9e80000)
  to   space 16384K, 0% used [0x00000000f7e80000,0x00000000f7e80000,0x00000000f8e80000)
 ParOldGen       total 102400K, used 22262K [0x0000000085200000, 0x000000008b600000, 0x00000000d7100000)
  object space 102400K, 21% used [0x0000000085200000,0x00000000867bda90,0x000000008b600000)
 Metaspace       used 60831K, capacity 63748K, committed 63872K, reserved 1103872K
  class space    used 8016K, capacity 8547K, committed 8576K, reserved 1048576K
Event: 265,533 GC heap after
Heap after GC invocations=22 (full 5):
 PSYoungGen      total 554496K, used 7236K [0x00000000d7100000, 0x00000000fe700000, 0x0000000100000000)
  eden space 538112K, 0% used [0x00000000d7100000,0x00000000d7100000,0x00000000f7e80000)
  from space 16384K, 44% used [0x00000000f7e80000,0x00000000f85910d8,0x00000000f8e80000)
  to   space 15360K, 0% used [0x00000000fd800000,0x00000000fd800000,0x00000000fe700000)
 ParOldGen       total 102400K, used 22270K [0x0000000085200000, 0x000000008b600000, 0x00000000d7100000)
  object space 102400K, 21% used [0x0000000085200000,0x00000000867bfa90,0x000000008b600000)
 Metaspace       used 60831K, capacity 63748K, committed 63872K, reserved 1103872K
  class space    used 8016K, capacity 8547K, committed 8576K, reserved 1048576K
}
Event: 360,723 GC heap before
{Heap before GC invocations=23 (full 5):
 PSYoungGen      total 554496K, used 545348K [0x00000000d7100000, 0x00000000fe700000, 0x0000000100000000)
  eden space 538112K, 100% used [0x00000000d7100000,0x00000000f7e80000,0x00000000f7e80000)
  from space 16384K, 44% used [0x00000000f7e80000,0x00000000f85910d8,0x00000000f8e80000)
  to   space 15360K, 0% used [0x00000000fd800000,0x00000000fd800000,0x00000000fe700000)
 ParOldGen       total 102400K, used 22270K [0x0000000085200000, 0x000000008b600000, 0x00000000d7100000)
  object space 102400K, 21% used [0x0000000085200000,0x00000000867bfa90,0x000000008b600000)
 Metaspace       used 60843K, capacity 63748K, committed 63872K, reserved 1103872K
  class space    used 8016K, capacity 8547K, committed 8576K, reserved 1048576K
Event: 360,727 GC heap after
Heap after GC invocations=23 (full 5):
 PSYoungGen      total 520704K, used 6064K [0x00000000d7100000, 0x00000000fde00000, 0x0000000100000000)
  eden space 514560K, 0% used [0x00000000d7100000,0x00000000d7100000,0x00000000f6780000)
  from space 6144K, 98% used [0x00000000fd800000,0x00000000fddec150,0x00000000fde00000)
  to   space 14848K, 0% used [0x00000000fc100000,0x00000000fc100000,0x00000000fcf80000)
 ParOldGen       total 102400K, used 22278K [0x0000000085200000, 0x000000008b600000, 0x00000000d7100000)
  object space 102400K, 21% used [0x0000000085200000,0x00000000867c1a90,0x000000008b600000)
 Metaspace       used 60843K, capacity 63748K, committed 63872K, reserved 1103872K
  class space    used 8016K, capacity 8547K, committed 8576K, reserved 1048576K
}
Event: 453,400 GC heap before
{Heap before GC invocations=24 (full 5):
 PSYoungGen      total 520704K, used 520624K [0x00000000d7100000, 0x00000000fde00000, 0x0000000100000000)
  eden space 514560K, 100% used [0x00000000d7100000,0x00000000f6780000,0x00000000f6780000)
  from space 6144K, 98% used [0x00000000fd800000,0x00000000fddec150,0x00000000fde00000)
  to   space 14848K, 0% used [0x00000000fc100000,0x00000000fc100000,0x00000000fcf80000)
 ParOldGen       total 102400K, used 22278K [0x0000000085200000, 0x000000008b600000, 0x00000000d7100000)
  object space 102400K, 21% used [0x0000000085200000,0x00000000867c1a90,0x000000008b600000)
 Metaspace       used 60860K, capacity 63748K, committed 63872K, reserved 1103872K
  class space    used 8016K, capacity 8547K, committed 8576K, reserved 1048576K
Event: 453,404 GC heap after
Heap after GC invocations=24 (full 5):
 PSYoungGen      total 498176K, used 5680K [0x00000000d7100000, 0x00000000fd880000, 0x0000000100000000)
  eden space 492032K, 0% used [0x00000000d7100000,0x00000000d7100000,0x00000000f5180000)
  from space 6144K, 92% used [0x00000000fc100000,0x00000000fc68c130,0x00000000fc700000)
  to   space 13824K, 0% used [0x00000000fcb00000,0x00000000fcb00000,0x00000000fd880000)
 ParOldGen       total 102400K, used 22286K [0x0000000085200000, 0x000000008b600000, 0x00000000d7100000)
  object space 102400K, 21% used [0x0000000085200000,0x00000000867c3a90,0x000000008b600000)
 Metaspace       used 60860K, capacity 63748K, committed 63872K, reserved 1103872K
  class space    used 8016K, capacity 8547K, committed 8576K, reserved 1048576K
}

